c:\users\pc masters\desktop\dev\cpp\proyecto_parcial_i\proyecto_parcial_i\x64\debug\vc143.pdb
c:\users\pc masters\desktop\dev\cpp\proyecto_parcial_i\proyecto_parcial_i\x64\debug\vc143.idb
c:\users\pc masters\desktop\dev\cpp\proyecto_parcial_i\proyecto_parcial_i\x64\debug\image.obj
c:\users\pc masters\desktop\dev\cpp\proyecto_parcial_i\proyecto_parcial_i\x64\debug\application.obj
c:\users\pc masters\desktop\dev\cpp\proyecto_parcial_i\proyecto_parcial_i\x64\debug\main.obj
c:\users\pc masters\desktop\dev\cpp\proyecto_parcial_i\proyecto_parcial_i\x64\debug\login.obj
c:\users\pc masters\desktop\dev\cpp\proyecto_parcial_i\proyecto_parcial_i\x64\debug\menu.obj
c:\users\pc masters\desktop\dev\cpp\proyecto_parcial_i\proyecto_parcial_i\x64\debug\marquee.obj
c:\users\pc masters\desktop\dev\cpp\proyecto_parcial_i\proyecto_parcial_i\x64\debug\car.obj
c:\users\pc masters\desktop\dev\cpp\proyecto_parcial_i\proyecto_parcial_i\x64\debug\customer.obj
c:\users\pc masters\desktop\dev\cpp\proyecto_parcial_i\proyecto_parcial_i\x64\debug\mechanics.obj
c:\users\pc masters\desktop\dev\cpp\proyecto_parcial_i\proyecto_parcial_i\x64\debug\pdf.obj
c:\users\pc masters\desktop\dev\cpp\proyecto_parcial_i\proyecto_parcial_i\x64\debug\menuitem.obj
c:\users\pc masters\desktop\dev\cpp\proyecto_parcial_i\proyecto_parcial_i\x64\debug\fileandpdf.obj
c:\users\pc masters\desktop\dev\cpp\proyecto_parcial_i\x64\debug\proyecto_parcial_i.exe
c:\users\pc masters\desktop\dev\cpp\proyecto_parcial_i\proyecto_parcial_i\x64\debug\proyecto_parcial_i.ilk
c:\users\pc masters\desktop\dev\cpp\proyecto_parcial_i\x64\debug\proyecto_parcial_i.pdb
c:\users\pc masters\desktop\dev\cpp\proyecto_parcial_i\proyecto_parcial_i\x64\debug\stdafx.obj
c:\users\pc masters\desktop\dev\cpp\proyecto_parcial_i\proyecto_parcial_i\x64\debug\proyecto_parcial_i.res
c:\users\pc masters\desktop\dev\cpp\proyecto_parcial_i\proyecto_parcial_i\x64\debug\proyecto_parcial_i.pch
c:\users\pc masters\desktop\dev\cpp\proyecto_parcial_i\proyecto_parcial_i\x64\debug\proyecto.8cab63d2.tlog\cl.command.1.tlog
c:\users\pc masters\desktop\dev\cpp\proyecto_parcial_i\proyecto_parcial_i\x64\debug\proyecto.8cab63d2.tlog\cl.read.1.tlog
c:\users\pc masters\desktop\dev\cpp\proyecto_parcial_i\proyecto_parcial_i\x64\debug\proyecto.8cab63d2.tlog\cl.write.1.tlog
c:\users\pc masters\desktop\dev\cpp\proyecto_parcial_i\proyecto_parcial_i\x64\debug\proyecto.8cab63d2.tlog\link.command.1.tlog
c:\users\pc masters\desktop\dev\cpp\proyecto_parcial_i\proyecto_parcial_i\x64\debug\proyecto.8cab63d2.tlog\link.read.1.tlog
c:\users\pc masters\desktop\dev\cpp\proyecto_parcial_i\proyecto_parcial_i\x64\debug\proyecto.8cab63d2.tlog\link.write.1.tlog
c:\users\pc masters\desktop\dev\cpp\proyecto_parcial_i\proyecto_parcial_i\x64\debug\proyecto.8cab63d2.tlog\rc.command.1.tlog
